<?xml version="1.0" encoding="UTF-8"?>
<!-- Generated by org.testng.reporters.JUnitXMLReporter -->
<testsuite hostname="NavTech-PC" ignored="0" name="Default test" tests="2" failures="0" timestamp="24 Feb 2019 17:33:43 GMT" time="31.22" errors="0">
  <testcase name="loginApp" time="18.447" classname="mavenProject.ScarbroughMavenProject.SurveyMonkeyLogin"/>
  <testcase name="loginApp" time="12.734" classname="mavenProject.ScarbroughMavenProject.SurveyMonkeyLogin"/>
</testsuite> <!-- Default test -->
