<?xml version="1.0" encoding="UTF-8"?>
<!-- Generated by org.testng.reporters.JUnitXMLReporter -->
<testsuite hostname="NavTech-PC" ignored="0" name="Regression" tests="3" failures="1" timestamp="24 Feb 2019 16:18:46 GMT" time="16.378" errors="0">
  <testcase name="displayMessage" time="0.011" classname="mavenProject.ScarbroughMavenProject.SampleTestNGCode"/>
  <testcase name="invokeFacebook" time="9.417" classname="mavenProject.ScarbroughMavenProject.LaunchingFacebook">
    <failure type="java.lang.AssertionError" message="expected [Facebook - Log In or Sign Upssss] but found [Facebook - Log In or Sign Up]">
      <![CDATA[java.lang.AssertionError: expected [Facebook - Log In or Sign Upssss] but found [Facebook - Log In or Sign Up]
at mavenProject.ScarbroughMavenProject.LaunchingFacebook.invokeFacebook(LaunchingFacebook.java:27)
... Removed 31 stack frames]]>
    </failure>
  </testcase> <!-- invokeFacebook -->
  <testcase name="checkUrl" time="6.908" classname="mavenProject.ScarbroughMavenProject.FacebookUrl"/>
</testsuite> <!-- Regression -->
